{
  "RSpec": {
    "coverage": {
      "/home/jorge/Escritorio/BATALLA GIT/batalla_naval/app/models/Tablero.rb": [
        1,
        null,
        1,
        null,
        null,
        1,
        8,
        8,
        48,
        null,
        null,
        null,
        null,
        1,
        8,
        8,
        8,
        8,
        8,
        13,
        11,
        11,
        null,
        null,
        null,
        1,
        13,
        1,
        null,
        12,
        1,
        null,
        null,
        null,
        null,
        1,
        13,
        13,
        13,
        13,
        31,
        18,
        18,
        13,
        null,
        null,
        1,
        5,
        5,
        5,
        5,
        null,
        null,
        1,
        0,
        0,
        0,
        0,
        null,
        null,
        1,
        5,
        5,
        3,
        null,
        5,
        null,
        null,
        1,
        0,
        null,
        null,
        null
      ],
      "/home/jorge/Escritorio/BATALLA GIT/batalla_naval/app/models/Barco.rb": [
        1,
        null,
        1,
        null,
        null,
        1,
        null,
        null,
        1,
        0,
        null,
        null,
        1,
        0,
        null,
        null,
        1,
        8,
        null,
        null,
        null,
        1,
        null,
        1,
        4,
        null,
        null,
        1,
        0,
        null,
        null,
        null,
        1,
        null,
        1,
        2,
        null,
        null,
        1,
        null,
        null,
        1,
        0,
        null,
        null,
        1,
        0,
        null,
        null,
        null,
        null,
        null,
        1,
        1,
        null,
        1,
        4,
        4,
        null,
        null,
        1,
        3,
        3,
        1,
        null,
        2,
        null,
        null,
        null
      ],
      "/home/jorge/Escritorio/BATALLA GIT/batalla_naval/app/models/Exceptions.rb": [
        1,
        null,
        null,
        1,
        1,
        null,
        null
      ],
      "/home/jorge/Escritorio/BATALLA GIT/batalla_naval/app/models/BarcoYaExistenteException.rb": [
        1,
        null,
        1,
        1,
        null,
        null
      ]
    },
    "timestamp": 1432733839
  },
  "Cucumber Features": {
    "coverage": {
    },
    "timestamp": 1432733842
  }
}
